<?xml version="1.0" encoding="UTF-8"?>
<testng-results skipped="0" failed="0" ignored="0" total="1" passed="1">
  <reporter-output>
  </reporter-output>
  <suite name="SuiteHandsOn" duration-ms="9315" started-at="2018-08-11T17:22:09Z" finished-at="2018-08-11T17:22:18Z">
    <groups>
    </groups>
    <test name="TestHandsOn" duration-ms="9315" started-at="2018-08-11T17:22:09Z" finished-at="2018-08-11T17:22:18Z">
      <class name="com.qa.MavenHandsOn">
        <test-method status="PASS" signature="launchBrowser()[pri:0, instance:com.qa.MavenHandsOn@7e0ea639]" name="launchBrowser" duration-ms="9275" started-at="2018-08-11T22:52:09Z" finished-at="2018-08-11T22:52:18Z">
          <reporter-output>
          </reporter-output>
        </test-method> <!-- launchBrowser -->
      </class> <!-- com.qa.MavenHandsOn -->
    </test> <!-- TestHandsOn -->
  </suite> <!-- SuiteHandsOn -->
</testng-results>
