<?xml version="1.0" encoding="UTF-8"?>
<testng-results skipped="0" failed="0" ignored="0" total="1" passed="1">
  <reporter-output>
  </reporter-output>
  <suite name="Default suite" duration-ms="16308" started-at="2018-08-11T11:31:35Z" finished-at="2018-08-11T11:31:51Z">
    <groups>
    </groups>
    <test name="Default test" duration-ms="16308" started-at="2018-08-11T11:31:35Z" finished-at="2018-08-11T11:31:51Z">
      <class name="com.qa.MavenHandsOn">
        <test-method status="PASS" signature="launchBrowser()[pri:0, instance:com.qa.MavenHandsOn@2ef5e5e3]" name="launchBrowser" duration-ms="16277" started-at="2018-08-11T17:01:35Z" finished-at="2018-08-11T17:01:51Z">
          <reporter-output>
          </reporter-output>
        </test-method> <!-- launchBrowser -->
      </class> <!-- com.qa.MavenHandsOn -->
    </test> <!-- Default test -->
  </suite> <!-- Default suite -->
</testng-results>
